  [1m[36m (1.7ms)[0m  [1mCREATE TABLE "schema_migrations" ("version" varchar(255) NOT NULL) [0m
  [1m[35m (1.8ms)[0m  CREATE UNIQUE INDEX "unique_schema_migrations" ON "schema_migrations" ("version")
  [1m[36mActiveRecord::SchemaMigration Load (0.2ms)[0m  [1mSELECT "schema_migrations".* FROM "schema_migrations"[0m
Migrating to CreateExperiments (20140902180832)
  [1m[35m (0.1ms)[0m  begin transaction
  [1m[36m (0.4ms)[0m  [1mCREATE TABLE "experiments" ("id" INTEGER PRIMARY KEY AUTOINCREMENT NOT NULL, "created_at" datetime, "updated_at" datetime) [0m
  [1m[35mSQL (0.2ms)[0m  INSERT INTO "schema_migrations" ("version") VALUES (?)  [["version", "20140902180832"]]
  [1m[36m (1.4ms)[0m  [1mcommit transaction[0m
  [1m[35mActiveRecord::SchemaMigration Load (0.2ms)[0m  SELECT "schema_migrations".* FROM "schema_migrations"
  [1m[36mActiveRecord::SchemaMigration Load (0.1ms)[0m  [1mSELECT "schema_migrations".* FROM "schema_migrations"[0m
Migrating to CreateFactors (20140902181405)
  [1m[35m (0.1ms)[0m  begin transaction
  [1m[36m (0.4ms)[0m  [1mCREATE TABLE "factors" ("id" INTEGER PRIMARY KEY AUTOINCREMENT NOT NULL, "experiment_id" integer, "created_at" datetime, "updated_at" datetime) [0m
  [1m[35m (0.1ms)[0m  CREATE INDEX "index_factors_on_experiment_id" ON "factors" ("experiment_id")
  [1m[36mSQL (0.2ms)[0m  [1mINSERT INTO "schema_migrations" ("version") VALUES (?)[0m  [["version", "20140902181405"]]
  [1m[35m (8.0ms)[0m  commit transaction
  [1m[36mActiveRecord::SchemaMigration Load (0.1ms)[0m  [1mSELECT "schema_migrations".* FROM "schema_migrations"[0m
  [1m[36mActiveRecord::SchemaMigration Load (0.1ms)[0m  [1mSELECT "schema_migrations".* FROM "schema_migrations"[0m
  [1m[35mActiveRecord::SchemaMigration Load (0.1ms)[0m  SELECT "schema_migrations".* FROM "schema_migrations"
  [1m[36m (1.8ms)[0m  [1mCREATE TABLE "experiments" ("id" INTEGER PRIMARY KEY AUTOINCREMENT NOT NULL, "created_at" datetime, "updated_at" datetime) [0m
  [1m[35m (1.6ms)[0m  CREATE TABLE "factors" ("id" INTEGER PRIMARY KEY AUTOINCREMENT NOT NULL, "experiment_id" integer, "created_at" datetime, "updated_at" datetime) 
  [1m[36m (1.6ms)[0m  [1mCREATE INDEX "index_factors_on_experiment_id" ON "factors" ("experiment_id")[0m
  [1m[35m (2.0ms)[0m  CREATE TABLE "schema_migrations" ("version" varchar(255) NOT NULL) 
  [1m[36m (4.6ms)[0m  [1mCREATE UNIQUE INDEX "unique_schema_migrations" ON "schema_migrations" ("version")[0m
  [1m[35m (0.2ms)[0m  SELECT version FROM "schema_migrations"
  [1m[36m (5.8ms)[0m  [1mINSERT INTO "schema_migrations" (version) VALUES ('20140902181405')[0m
  [1m[35m (2.7ms)[0m  INSERT INTO "schema_migrations" (version) VALUES ('20140902180832')
  [1m[36mActiveRecord::SchemaMigration Load (0.2ms)[0m  [1mSELECT "schema_migrations".* FROM "schema_migrations"[0m
  [1m[35mActiveRecord::SchemaMigration Load (0.1ms)[0m  SELECT "schema_migrations".* FROM "schema_migrations"
  [1m[36mActiveRecord::SchemaMigration Load (0.2ms)[0m  [1mSELECT "schema_migrations".* FROM "schema_migrations"[0m
Migrating to AddNameToExperiments (20140902185223)
  [1m[35m (0.1ms)[0m  begin transaction
  [1m[36mSQL (0.4ms)[0m  [1mINSERT INTO "schema_migrations" ("version") VALUES (?)[0m  [["version", "20140902185223"]]
  [1m[35m (1.8ms)[0m  commit transaction
  [1m[36mActiveRecord::SchemaMigration Load (0.1ms)[0m  [1mSELECT "schema_migrations".* FROM "schema_migrations"[0m
  [1m[36mActiveRecord::SchemaMigration Load (0.1ms)[0m  [1mSELECT "schema_migrations".* FROM "schema_migrations"[0m
Migrating to CreateSurveys (20140902195649)
  [1m[35m (0.1ms)[0m  begin transaction
  [1m[36m (0.4ms)[0m  [1mCREATE TABLE "surveys" ("id" INTEGER PRIMARY KEY AUTOINCREMENT NOT NULL, "experiment_id" integer, "created_at" datetime, "updated_at" datetime) [0m
  [1m[35m (0.1ms)[0m  CREATE INDEX "index_surveys_on_experiment_id" ON "surveys" ("experiment_id")
  [1m[36mSQL (0.3ms)[0m  [1mINSERT INTO "schema_migrations" ("version") VALUES (?)[0m  [["version", "20140902195649"]]
  [1m[35m (8.6ms)[0m  commit transaction
  [1m[36mActiveRecord::SchemaMigration Load (0.1ms)[0m  [1mSELECT "schema_migrations".* FROM "schema_migrations"[0m
  [1m[36mActiveRecord::SchemaMigration Load (0.1ms)[0m  [1mSELECT "schema_migrations".* FROM "schema_migrations"[0m
  [1m[35mActiveRecord::SchemaMigration Load (0.1ms)[0m  SELECT "schema_migrations".* FROM "schema_migrations"
  [1m[36m (1.8ms)[0m  [1mCREATE TABLE "experiments" ("id" INTEGER PRIMARY KEY AUTOINCREMENT NOT NULL, "created_at" datetime, "updated_at" datetime) [0m
  [1m[35m (1.7ms)[0m  CREATE TABLE "factors" ("id" INTEGER PRIMARY KEY AUTOINCREMENT NOT NULL, "experiment_id" integer, "created_at" datetime, "updated_at" datetime) 
  [1m[36m (1.8ms)[0m  [1mCREATE INDEX "index_factors_on_experiment_id" ON "factors" ("experiment_id")[0m
  [1m[35m (1.7ms)[0m  CREATE TABLE "surveys" ("id" INTEGER PRIMARY KEY AUTOINCREMENT NOT NULL, "experiment_id" integer, "created_at" datetime, "updated_at" datetime) 
  [1m[36m (1.6ms)[0m  [1mCREATE INDEX "index_surveys_on_experiment_id" ON "surveys" ("experiment_id")[0m
  [1m[35m (1.5ms)[0m  CREATE TABLE "schema_migrations" ("version" varchar(255) NOT NULL) 
  [1m[36m (1.5ms)[0m  [1mCREATE UNIQUE INDEX "unique_schema_migrations" ON "schema_migrations" ("version")[0m
  [1m[35m (0.2ms)[0m  SELECT version FROM "schema_migrations"
  [1m[36m (1.4ms)[0m  [1mINSERT INTO "schema_migrations" (version) VALUES ('20140902195649')[0m
  [1m[35m (1.6ms)[0m  INSERT INTO "schema_migrations" (version) VALUES ('20140902180832')
  [1m[36m (1.3ms)[0m  [1mINSERT INTO "schema_migrations" (version) VALUES ('20140902181405')[0m
  [1m[35m (1.5ms)[0m  INSERT INTO "schema_migrations" (version) VALUES ('20140902185223')
  [1m[36mActiveRecord::SchemaMigration Load (0.6ms)[0m  [1mSELECT "schema_migrations".* FROM "schema_migrations"[0m
  [1m[36mActiveRecord::SchemaMigration Load (0.1ms)[0m  [1mSELECT "schema_migrations".* FROM "schema_migrations"[0m
Migrating to AddExperimentIdToCars (20140902203211)
  [1m[36mActiveRecord::SchemaMigration Load (0.6ms)[0m  [1mSELECT "schema_migrations".* FROM "schema_migrations"[0m
  [1m[35mActiveRecord::SchemaMigration Load (0.1ms)[0m  SELECT "schema_migrations".* FROM "schema_migrations"
Migrating to CreateSurveys (20140902195649)
  [1m[36m (0.1ms)[0m  [1mbegin transaction[0m
  [1m[35m (2.8ms)[0m  DROP TABLE "surveys"
  [1m[36mSQL (0.2ms)[0m  [1mDELETE FROM "schema_migrations" WHERE "schema_migrations"."version" = '20140902195649'[0m
  [1m[35m (3.4ms)[0m  commit transaction
  [1m[36mActiveRecord::SchemaMigration Load (0.4ms)[0m  [1mSELECT "schema_migrations".* FROM "schema_migrations"[0m
  [1m[36mActiveRecord::SchemaMigration Load (0.1ms)[0m  [1mSELECT "schema_migrations".* FROM "schema_migrations"[0m
Migrating to CreateSurveys (20140902195649)
  [1m[35m (0.1ms)[0m  begin transaction
  [1m[36m (0.4ms)[0m  [1mCREATE TABLE "surveys" ("id" INTEGER PRIMARY KEY AUTOINCREMENT NOT NULL, "experiment_id" integer, "created_at" datetime, "updated_at" datetime) [0m
  [1m[35m (0.1ms)[0m  CREATE INDEX "index_surveys_on_experiment_id" ON "surveys" ("experiment_id")
  [1m[36mSQL (0.2ms)[0m  [1mINSERT INTO "schema_migrations" ("version") VALUES (?)[0m  [["version", "20140902195649"]]
  [1m[35m (7.9ms)[0m  commit transaction
Migrating to AddExperimentIdToCars (20140902203211)
  [1m[36mActiveRecord::SchemaMigration Load (0.1ms)[0m  [1mSELECT "schema_migrations".* FROM "schema_migrations"[0m
Migrating to AddExperimentIdToCars (20140902203211)
  [1m[36mActiveRecord::SchemaMigration Load (0.1ms)[0m  [1mSELECT "schema_migrations".* FROM "schema_migrations"[0m
Migrating to AddExperimentIdToCars (20140902203211)
  [1m[36mActiveRecord::SchemaMigration Load (0.1ms)[0m  [1mSELECT "schema_migrations".* FROM "schema_migrations"[0m
Migrating to AddExperimentIdToSurveys (20140902203211)
  [1m[35m (0.1ms)[0m  begin transaction
  [1m[36m (9.5ms)[0m  [1mALTER TABLE "experiments" ADD "experiment_id" integer[0m
  [1m[35m (0.9ms)[0m  rollback transaction
  [1m[36m (1.6ms)[0m  [1mCREATE TABLE "experiments" ("id" INTEGER PRIMARY KEY AUTOINCREMENT NOT NULL, "created_at" datetime, "updated_at" datetime) [0m
  [1m[35m (1.7ms)[0m  CREATE TABLE "factors" ("id" INTEGER PRIMARY KEY AUTOINCREMENT NOT NULL, "experiment_id" integer, "created_at" datetime, "updated_at" datetime) 
  [1m[36m (1.8ms)[0m  [1mCREATE INDEX "index_factors_on_experiment_id" ON "factors" ("experiment_id")[0m
  [1m[35m (1.6ms)[0m  CREATE TABLE "schema_migrations" ("version" varchar(255) NOT NULL) 
  [1m[36m (1.4ms)[0m  [1mCREATE UNIQUE INDEX "unique_schema_migrations" ON "schema_migrations" ("version")[0m
  [1m[35m (0.1ms)[0m  SELECT version FROM "schema_migrations"
  [1m[36m (1.5ms)[0m  [1mINSERT INTO "schema_migrations" (version) VALUES ('20140902185223')[0m
  [1m[35m (1.7ms)[0m  INSERT INTO "schema_migrations" (version) VALUES ('20140902180832')
  [1m[36m (1.6ms)[0m  [1mINSERT INTO "schema_migrations" (version) VALUES ('20140902181405')[0m
  [1m[35mActiveRecord::SchemaMigration Load (0.1ms)[0m  SELECT "schema_migrations".* FROM "schema_migrations"
  [1m[36mActiveRecord::SchemaMigration Load (0.1ms)[0m  [1mSELECT "schema_migrations".* FROM "schema_migrations"[0m
Migrating to AddExperimentIdToSurveys (20140902203211)
  [1m[35m (0.1ms)[0m  begin transaction
  [1m[36m (0.4ms)[0m  [1mALTER TABLE "experiments" ADD "experiment_id" integer[0m
  [1m[35mSQL (0.2ms)[0m  INSERT INTO "schema_migrations" ("version") VALUES (?)  [["version", "20140902203211"]]
  [1m[36m (8.0ms)[0m  [1mcommit transaction[0m
  [1m[35mActiveRecord::SchemaMigration Load (0.2ms)[0m  SELECT "schema_migrations".* FROM "schema_migrations"
  [1m[36mActiveRecord::SchemaMigration Load (0.8ms)[0m  [1mSELECT "schema_migrations".* FROM "schema_migrations"[0m
Migrating to AddTitleToFactors (20140903000546)
  [1m[35m (0.1ms)[0m  begin transaction
  [1m[36m (0.6ms)[0m  [1mALTER TABLE "factors" ADD "title" varchar(255)[0m
  [1m[35mSQL (0.3ms)[0m  INSERT INTO "schema_migrations" ("version") VALUES (?)  [["version", "20140903000546"]]
  [1m[36m (1.6ms)[0m  [1mcommit transaction[0m
  [1m[35mActiveRecord::SchemaMigration Load (0.2ms)[0m  SELECT "schema_migrations".* FROM "schema_migrations"
  [1m[36m (2.2ms)[0m  [1mCREATE TABLE "experiments" ("id" INTEGER PRIMARY KEY AUTOINCREMENT NOT NULL, "created_at" datetime, "updated_at" datetime, "experiment_id" integer) [0m
  [1m[35m (1.5ms)[0m  CREATE TABLE "factors" ("id" INTEGER PRIMARY KEY AUTOINCREMENT NOT NULL, "experiment_id" integer, "created_at" datetime, "updated_at" datetime, "title" varchar(255)) 
  [1m[36m (1.7ms)[0m  [1mCREATE INDEX "index_factors_on_experiment_id" ON "factors" ("experiment_id")[0m
  [1m[35m (1.9ms)[0m  CREATE TABLE "surveys" ("id" INTEGER PRIMARY KEY AUTOINCREMENT NOT NULL, "experiment_id" integer, "created_at" datetime, "updated_at" datetime) 
  [1m[36m (1.5ms)[0m  [1mCREATE INDEX "index_surveys_on_experiment_id" ON "surveys" ("experiment_id")[0m
  [1m[35m (1.8ms)[0m  CREATE TABLE "schema_migrations" ("version" varchar(255) NOT NULL) 
  [1m[36m (1.7ms)[0m  [1mCREATE UNIQUE INDEX "unique_schema_migrations" ON "schema_migrations" ("version")[0m
  [1m[35m (0.2ms)[0m  SELECT version FROM "schema_migrations"
  [1m[36m (1.6ms)[0m  [1mINSERT INTO "schema_migrations" (version) VALUES ('20140903000546')[0m
  [1m[35m (1.6ms)[0m  INSERT INTO "schema_migrations" (version) VALUES ('20140902180832')
  [1m[36m (1.4ms)[0m  [1mINSERT INTO "schema_migrations" (version) VALUES ('20140902181405')[0m
  [1m[35m (1.8ms)[0m  INSERT INTO "schema_migrations" (version) VALUES ('20140902185223')
  [1m[36m (1.5ms)[0m  [1mINSERT INTO "schema_migrations" (version) VALUES ('20140902195649')[0m
  [1m[35m (1.4ms)[0m  INSERT INTO "schema_migrations" (version) VALUES ('20140902203211')
  [1m[36mActiveRecord::SchemaMigration Load (0.1ms)[0m  [1mSELECT "schema_migrations".* FROM "schema_migrations"[0m
  [1m[36m (8.4ms)[0m  [1mCREATE TABLE "experiments" ("id" INTEGER PRIMARY KEY AUTOINCREMENT NOT NULL, "created_at" datetime, "updated_at" datetime, "experiment_id" integer) [0m
  [1m[35m (1.5ms)[0m  CREATE TABLE "factors" ("id" INTEGER PRIMARY KEY AUTOINCREMENT NOT NULL, "experiment_id" integer, "created_at" datetime, "updated_at" datetime, "title" varchar(255)) 
  [1m[36m (1.1ms)[0m  [1mCREATE INDEX "index_factors_on_experiment_id" ON "factors" ("experiment_id")[0m
  [1m[35m (1.0ms)[0m  CREATE TABLE "surveys" ("id" INTEGER PRIMARY KEY AUTOINCREMENT NOT NULL, "experiment_id" integer, "created_at" datetime, "updated_at" datetime) 
  [1m[36m (1.2ms)[0m  [1mCREATE INDEX "index_surveys_on_experiment_id" ON "surveys" ("experiment_id")[0m
  [1m[35m (1.2ms)[0m  CREATE TABLE "schema_migrations" ("version" varchar(255) NOT NULL) 
  [1m[36m (1.0ms)[0m  [1mCREATE UNIQUE INDEX "unique_schema_migrations" ON "schema_migrations" ("version")[0m
  [1m[35m (0.1ms)[0m  SELECT version FROM "schema_migrations"
  [1m[36m (1.0ms)[0m  [1mINSERT INTO "schema_migrations" (version) VALUES ('20140903000546')[0m
  [1m[35m (0.8ms)[0m  INSERT INTO "schema_migrations" (version) VALUES ('20140902180832')
  [1m[36m (1.2ms)[0m  [1mINSERT INTO "schema_migrations" (version) VALUES ('20140902181405')[0m
  [1m[35m (0.9ms)[0m  INSERT INTO "schema_migrations" (version) VALUES ('20140902185223')
  [1m[36m (0.8ms)[0m  [1mINSERT INTO "schema_migrations" (version) VALUES ('20140902195649')[0m
  [1m[35m (0.8ms)[0m  INSERT INTO "schema_migrations" (version) VALUES ('20140902203211')
  [1m[36mActiveRecord::SchemaMigration Load (0.2ms)[0m  [1mSELECT "schema_migrations".* FROM "schema_migrations"[0m
  [1m[36mActiveRecord::SchemaMigration Load (0.8ms)[0m  [1mSELECT "schema_migrations".* FROM "schema_migrations"[0m
Migrating to AddLevelsToFactor (20140903185124)
  [1m[35m (0.1ms)[0m  begin transaction
  [1m[36m (2.2ms)[0m  [1mALTER TABLE "factors" ADD "levels" text[0m
  [1m[35mSQL (0.2ms)[0m  INSERT INTO "schema_migrations" ("version") VALUES (?)  [["version", "20140903185124"]]
  [1m[36m (2.0ms)[0m  [1mcommit transaction[0m
  [1m[35mActiveRecord::SchemaMigration Load (0.1ms)[0m  SELECT "schema_migrations".* FROM "schema_migrations"
  [1m[36m (1.7ms)[0m  [1mCREATE TABLE "experiments" ("id" INTEGER PRIMARY KEY AUTOINCREMENT NOT NULL, "created_at" datetime, "updated_at" datetime, "experiment_id" integer) [0m
  [1m[35m (1.6ms)[0m  CREATE TABLE "factors" ("id" INTEGER PRIMARY KEY AUTOINCREMENT NOT NULL, "experiment_id" integer, "created_at" datetime, "updated_at" datetime, "title" varchar(255), "levels" text) 
  [1m[36m (1.7ms)[0m  [1mCREATE INDEX "index_factors_on_experiment_id" ON "factors" ("experiment_id")[0m
  [1m[35m (1.5ms)[0m  CREATE TABLE "surveys" ("id" INTEGER PRIMARY KEY AUTOINCREMENT NOT NULL, "experiment_id" integer, "created_at" datetime, "updated_at" datetime) 
  [1m[36m (1.4ms)[0m  [1mCREATE INDEX "index_surveys_on_experiment_id" ON "surveys" ("experiment_id")[0m
  [1m[35m (1.5ms)[0m  CREATE TABLE "schema_migrations" ("version" varchar(255) NOT NULL) 
  [1m[36m (1.5ms)[0m  [1mCREATE UNIQUE INDEX "unique_schema_migrations" ON "schema_migrations" ("version")[0m
  [1m[35m (0.2ms)[0m  SELECT version FROM "schema_migrations"
  [1m[36m (1.5ms)[0m  [1mINSERT INTO "schema_migrations" (version) VALUES ('20140903185124')[0m
  [1m[35m (1.6ms)[0m  INSERT INTO "schema_migrations" (version) VALUES ('20140902180832')
  [1m[36m (1.4ms)[0m  [1mINSERT INTO "schema_migrations" (version) VALUES ('20140902181405')[0m
  [1m[35m (1.2ms)[0m  INSERT INTO "schema_migrations" (version) VALUES ('20140902185223')
  [1m[36m (1.1ms)[0m  [1mINSERT INTO "schema_migrations" (version) VALUES ('20140902195649')[0m
  [1m[35m (1.0ms)[0m  INSERT INTO "schema_migrations" (version) VALUES ('20140902203211')
  [1m[36m (1.0ms)[0m  [1mINSERT INTO "schema_migrations" (version) VALUES ('20140903000546')[0m
  [1m[35mActiveRecord::SchemaMigration Load (0.1ms)[0m  SELECT "schema_migrations".* FROM "schema_migrations"
  [1m[36m (0.1ms)[0m  [1mbegin transaction[0m
  [1m[35mSQL (15.0ms)[0m  INSERT INTO "experiments" ("created_at", "updated_at") VALUES (?, ?)  [["created_at", Wed, 03 Sep 2014 18:55:56 UTC +00:00], ["updated_at", Wed, 03 Sep 2014 18:55:56 UTC +00:00]]
  [1m[36m (1.4ms)[0m  [1mcommit transaction[0m
  [1m[35m (0.1ms)[0m  begin transaction
  [1m[36mSQL (0.9ms)[0m  [1mINSERT INTO "factors" ("created_at", "experiment_id", "levels", "title", "updated_at") VALUES (?, ?, ?, ?, ?)[0m  [["created_at", Wed, 03 Sep 2014 18:56:02 UTC +00:00], ["experiment_id", 1], ["levels", "---\n- turquoise\n- fuchsia\n- ivory\n"], ["title", "Color"], ["updated_at", Wed, 03 Sep 2014 18:56:02 UTC +00:00]]
  [1m[35m (1.6ms)[0m  commit transaction
  [1m[36m (0.1ms)[0m  [1mbegin transaction[0m
  [1m[35mSQL (0.6ms)[0m  UPDATE "factors" SET "levels" = ?, "updated_at" = ? WHERE "factors"."id" = 1  [["levels", "---\n- 1\n- 2\n- test\n- 3\n- 5\n"], ["updated_at", Wed, 03 Sep 2014 18:56:16 UTC +00:00]]
  [1m[36m (8.1ms)[0m  [1mcommit transaction[0m
  [1m[36mActiveRecord::SchemaMigration Load (0.2ms)[0m  [1mSELECT "schema_migrations".* FROM "schema_migrations"[0m
Migrating to ChangeExperimentNameToTitle (20140903185738)
  [1m[35m (0.1ms)[0m  begin transaction
  [1m[36m (0.0ms)[0m  [1mrollback transaction[0m
  [1m[36mActiveRecord::SchemaMigration Load (0.1ms)[0m  [1mSELECT "schema_migrations".* FROM "schema_migrations"[0m
Migrating to ChangeExperimentNameToTitle (20140903185738)
  [1m[35m (0.1ms)[0m  begin transaction
  [1m[36m (0.0ms)[0m  [1mrollback transaction[0m
  [1m[36mActiveRecord::SchemaMigration Load (0.1ms)[0m  [1mSELECT "schema_migrations".* FROM "schema_migrations"[0m
Migrating to ChangeExperimentNameToTitle (20140903185738)
  [1m[35m (0.1ms)[0m  begin transaction
  [1m[36m (0.1ms)[0m  [1mrollback transaction[0m
  [1m[36mActiveRecord::SchemaMigration Load (0.1ms)[0m  [1mSELECT "schema_migrations".* FROM "schema_migrations"[0m
Migrating to ChangeExperimentNameToTitle (20140903185738)
  [1m[35m (0.1ms)[0m  begin transaction
  [1m[36m (0.0ms)[0m  [1mrollback transaction[0m
  [1m[36mExperiment Load (0.2ms)[0m  [1mSELECT "experiments".* FROM "experiments" ORDER BY "experiments"."id" ASC LIMIT 1[0m
  [1m[36mActiveRecord::SchemaMigration Load (0.1ms)[0m  [1mSELECT "schema_migrations".* FROM "schema_migrations"[0m
Migrating to ChangeExperimentNameToTitle (20140903185738)
  [1m[35m (0.1ms)[0m  begin transaction
  [1m[36m (0.0ms)[0m  [1mrollback transaction[0m
  [1m[36mActiveRecord::SchemaMigration Load (0.1ms)[0m  [1mSELECT "schema_migrations".* FROM "schema_migrations"[0m
Migrating to AddTitleToExperiments (20140903190231)
  [1m[35m (0.1ms)[0m  begin transaction
  [1m[36m (0.5ms)[0m  [1mALTER TABLE "experiments" ADD "title" varchar(255)[0m
  [1m[35mSQL (0.2ms)[0m  INSERT INTO "schema_migrations" ("version") VALUES (?)  [["version", "20140903190231"]]
  [1m[36m (8.0ms)[0m  [1mcommit transaction[0m
  [1m[35mActiveRecord::SchemaMigration Load (0.1ms)[0m  SELECT "schema_migrations".* FROM "schema_migrations"
  [1m[36mActiveRecord::SchemaMigration Load (0.1ms)[0m  [1mSELECT "schema_migrations".* FROM "schema_migrations"[0m
  [1m[35mActiveRecord::SchemaMigration Load (0.2ms)[0m  SELECT "schema_migrations".* FROM "schema_migrations"
  [1m[36m (8.7ms)[0m  [1mCREATE TABLE "experiments" ("id" INTEGER PRIMARY KEY AUTOINCREMENT NOT NULL, "created_at" datetime, "updated_at" datetime, "experiment_id" integer, "title" varchar(255)) [0m
  [1m[35m (1.3ms)[0m  CREATE TABLE "factors" ("id" INTEGER PRIMARY KEY AUTOINCREMENT NOT NULL, "experiment_id" integer, "created_at" datetime, "updated_at" datetime, "title" varchar(255), "levels" text) 
  [1m[36m (1.6ms)[0m  [1mCREATE INDEX "index_factors_on_experiment_id" ON "factors" ("experiment_id")[0m
  [1m[35m (1.7ms)[0m  CREATE TABLE "surveys" ("id" INTEGER PRIMARY KEY AUTOINCREMENT NOT NULL, "experiment_id" integer, "created_at" datetime, "updated_at" datetime) 
  [1m[36m (1.6ms)[0m  [1mCREATE INDEX "index_surveys_on_experiment_id" ON "surveys" ("experiment_id")[0m
  [1m[35m (1.5ms)[0m  CREATE TABLE "schema_migrations" ("version" varchar(255) NOT NULL) 
  [1m[36m (1.4ms)[0m  [1mCREATE UNIQUE INDEX "unique_schema_migrations" ON "schema_migrations" ("version")[0m
  [1m[35m (0.1ms)[0m  SELECT version FROM "schema_migrations"
  [1m[36m (1.4ms)[0m  [1mINSERT INTO "schema_migrations" (version) VALUES ('20140903190231')[0m
  [1m[35m (1.6ms)[0m  INSERT INTO "schema_migrations" (version) VALUES ('20140902180832')
  [1m[36m (1.7ms)[0m  [1mINSERT INTO "schema_migrations" (version) VALUES ('20140902181405')[0m
  [1m[35m (1.3ms)[0m  INSERT INTO "schema_migrations" (version) VALUES ('20140902195649')
  [1m[36m (1.5ms)[0m  [1mINSERT INTO "schema_migrations" (version) VALUES ('20140902203211')[0m
  [1m[35m (1.5ms)[0m  INSERT INTO "schema_migrations" (version) VALUES ('20140903000546')
  [1m[36m (1.5ms)[0m  [1mINSERT INTO "schema_migrations" (version) VALUES ('20140903185124')[0m
  [1m[35mActiveRecord::SchemaMigration Load (0.1ms)[0m  SELECT "schema_migrations".* FROM "schema_migrations"
  [1m[36m (8.5ms)[0m  [1mCREATE TABLE "experiments" ("id" INTEGER PRIMARY KEY AUTOINCREMENT NOT NULL, "created_at" datetime, "updated_at" datetime, "experiment_id" integer, "title" varchar(255)) [0m
  [1m[35m (1.2ms)[0m  CREATE TABLE "factors" ("id" INTEGER PRIMARY KEY AUTOINCREMENT NOT NULL, "experiment_id" integer, "created_at" datetime, "updated_at" datetime, "title" varchar(255), "levels" text) 
  [1m[36m (1.1ms)[0m  [1mCREATE INDEX "index_factors_on_experiment_id" ON "factors" ("experiment_id")[0m
  [1m[35m (1.1ms)[0m  CREATE TABLE "surveys" ("id" INTEGER PRIMARY KEY AUTOINCREMENT NOT NULL, "experiment_id" integer, "created_at" datetime, "updated_at" datetime) 
  [1m[36m (1.0ms)[0m  [1mCREATE INDEX "index_surveys_on_experiment_id" ON "surveys" ("experiment_id")[0m
  [1m[35m (1.1ms)[0m  CREATE TABLE "schema_migrations" ("version" varchar(255) NOT NULL) 
  [1m[36m (1.3ms)[0m  [1mCREATE UNIQUE INDEX "unique_schema_migrations" ON "schema_migrations" ("version")[0m
  [1m[35m (0.2ms)[0m  SELECT version FROM "schema_migrations"
  [1m[36m (1.6ms)[0m  [1mINSERT INTO "schema_migrations" (version) VALUES ('20140903190231')[0m
  [1m[35m (1.7ms)[0m  INSERT INTO "schema_migrations" (version) VALUES ('20140902180832')
  [1m[36m (1.5ms)[0m  [1mINSERT INTO "schema_migrations" (version) VALUES ('20140902181405')[0m
  [1m[35m (1.7ms)[0m  INSERT INTO "schema_migrations" (version) VALUES ('20140902195649')
  [1m[36m (1.8ms)[0m  [1mINSERT INTO "schema_migrations" (version) VALUES ('20140902203211')[0m
  [1m[35m (1.3ms)[0m  INSERT INTO "schema_migrations" (version) VALUES ('20140903000546')
  [1m[36m (1.5ms)[0m  [1mINSERT INTO "schema_migrations" (version) VALUES ('20140903185124')[0m
  [1m[35mActiveRecord::SchemaMigration Load (0.1ms)[0m  SELECT "schema_migrations".* FROM "schema_migrations"
  [1m[36m (8.6ms)[0m  [1mCREATE TABLE "experiments" ("id" INTEGER PRIMARY KEY AUTOINCREMENT NOT NULL, "created_at" datetime, "updated_at" datetime, "experiment_id" integer, "title" varchar(255)) [0m
  [1m[35m (1.1ms)[0m  CREATE TABLE "factors" ("id" INTEGER PRIMARY KEY AUTOINCREMENT NOT NULL, "experiment_id" integer, "created_at" datetime, "updated_at" datetime, "title" varchar(255), "levels" text) 
  [1m[36m (1.6ms)[0m  [1mCREATE INDEX "index_factors_on_experiment_id" ON "factors" ("experiment_id")[0m
  [1m[35m (1.8ms)[0m  CREATE TABLE "surveys" ("id" INTEGER PRIMARY KEY AUTOINCREMENT NOT NULL, "experiment_id" integer, "created_at" datetime, "updated_at" datetime) 
  [1m[36m (1.6ms)[0m  [1mCREATE INDEX "index_surveys_on_experiment_id" ON "surveys" ("experiment_id")[0m
  [1m[35m (1.8ms)[0m  CREATE TABLE "schema_migrations" ("version" varchar(255) NOT NULL) 
  [1m[36m (1.7ms)[0m  [1mCREATE UNIQUE INDEX "unique_schema_migrations" ON "schema_migrations" ("version")[0m
  [1m[35m (0.1ms)[0m  SELECT version FROM "schema_migrations"
  [1m[36m (1.5ms)[0m  [1mINSERT INTO "schema_migrations" (version) VALUES ('20140903190231')[0m
  [1m[35m (1.6ms)[0m  INSERT INTO "schema_migrations" (version) VALUES ('20140902180832')
  [1m[36m (1.4ms)[0m  [1mINSERT INTO "schema_migrations" (version) VALUES ('20140902181405')[0m
  [1m[35m (1.2ms)[0m  INSERT INTO "schema_migrations" (version) VALUES ('20140902195649')
  [1m[36m (1.3ms)[0m  [1mINSERT INTO "schema_migrations" (version) VALUES ('20140902203211')[0m
  [1m[35m (1.1ms)[0m  INSERT INTO "schema_migrations" (version) VALUES ('20140903000546')
  [1m[36m (1.5ms)[0m  [1mINSERT INTO "schema_migrations" (version) VALUES ('20140903185124')[0m
  [1m[35mActiveRecord::SchemaMigration Load (0.1ms)[0m  SELECT "schema_migrations".* FROM "schema_migrations"
  [1m[36mActiveRecord::SchemaMigration Load (0.1ms)[0m  [1mSELECT "schema_migrations".* FROM "schema_migrations"[0m
Migrating to AddFullFactorialDesignToExperiments (20140903190921)
  [1m[35m (0.1ms)[0m  begin transaction
  [1m[36m (0.4ms)[0m  [1mALTER TABLE "experiments" ADD "full_factorial_design" text[0m
  [1m[35mSQL (0.2ms)[0m  INSERT INTO "schema_migrations" ("version") VALUES (?)  [["version", "20140903190921"]]
  [1m[36m (8.8ms)[0m  [1mcommit transaction[0m
  [1m[35mActiveRecord::SchemaMigration Load (0.2ms)[0m  SELECT "schema_migrations".* FROM "schema_migrations"
  [1m[36m (8.6ms)[0m  [1mCREATE TABLE "experiments" ("id" INTEGER PRIMARY KEY AUTOINCREMENT NOT NULL, "created_at" datetime, "updated_at" datetime, "experiment_id" integer, "title" varchar(255), "full_factorial_design" text) [0m
  [1m[35m (1.3ms)[0m  CREATE TABLE "factors" ("id" INTEGER PRIMARY KEY AUTOINCREMENT NOT NULL, "experiment_id" integer, "created_at" datetime, "updated_at" datetime, "title" varchar(255), "levels" text) 
  [1m[36m (1.8ms)[0m  [1mCREATE INDEX "index_factors_on_experiment_id" ON "factors" ("experiment_id")[0m
  [1m[35m (1.4ms)[0m  CREATE TABLE "surveys" ("id" INTEGER PRIMARY KEY AUTOINCREMENT NOT NULL, "experiment_id" integer, "created_at" datetime, "updated_at" datetime) 
  [1m[36m (1.3ms)[0m  [1mCREATE INDEX "index_surveys_on_experiment_id" ON "surveys" ("experiment_id")[0m
  [1m[35m (1.5ms)[0m  CREATE TABLE "schema_migrations" ("version" varchar(255) NOT NULL) 
  [1m[36m (1.4ms)[0m  [1mCREATE UNIQUE INDEX "unique_schema_migrations" ON "schema_migrations" ("version")[0m
  [1m[35m (0.1ms)[0m  SELECT version FROM "schema_migrations"
  [1m[36m (1.4ms)[0m  [1mINSERT INTO "schema_migrations" (version) VALUES ('20140903190921')[0m
  [1m[35m (1.7ms)[0m  INSERT INTO "schema_migrations" (version) VALUES ('20140902180832')
  [1m[36m (1.2ms)[0m  [1mINSERT INTO "schema_migrations" (version) VALUES ('20140902181405')[0m
  [1m[35m (1.1ms)[0m  INSERT INTO "schema_migrations" (version) VALUES ('20140902195649')
  [1m[36m (1.4ms)[0m  [1mINSERT INTO "schema_migrations" (version) VALUES ('20140902203211')[0m
  [1m[35m (1.6ms)[0m  INSERT INTO "schema_migrations" (version) VALUES ('20140903000546')
  [1m[36m (1.6ms)[0m  [1mINSERT INTO "schema_migrations" (version) VALUES ('20140903185124')[0m
  [1m[35m (1.0ms)[0m  INSERT INTO "schema_migrations" (version) VALUES ('20140903190231')
  [1m[36mActiveRecord::SchemaMigration Load (0.2ms)[0m  [1mSELECT "schema_migrations".* FROM "schema_migrations"[0m
  [1m[36mExperiment Load (0.2ms)[0m  [1mSELECT "experiments".* FROM "experiments" ORDER BY "experiments"."id" ASC LIMIT 1[0m
  [1m[35m (0.1ms)[0m  begin transaction
  [1m[36mSQL (3.9ms)[0m  [1mUPDATE "experiments" SET "updated_at" = ?, "full_factorial_design" = ? WHERE "experiments"."id" = 1[0m  [["updated_at", Wed, 03 Sep 2014 19:12:07 UTC +00:00], ["full_factorial_design", nil]]
  [1m[35m (8.0ms)[0m  commit transaction
  [1m[36mExperiment Load (0.3ms)[0m  [1mSELECT "experiments".* FROM "experiments" WHERE "experiments"."title" = 'title' LIMIT 1[0m
  [1m[35mExperiment Load (0.2ms)[0m  SELECT "experiments".* FROM "experiments" ORDER BY "experiments"."id" ASC LIMIT 1
  [1m[36m (0.1ms)[0m  [1mbegin transaction[0m
  [1m[35mSQL (0.5ms)[0m  UPDATE "experiments" SET "updated_at" = ?, "full_factorial_design" = ? WHERE "experiments"."id" = 1  [["updated_at", Wed, 03 Sep 2014 19:12:45 UTC +00:00], ["full_factorial_design", nil]]
  [1m[36m (8.0ms)[0m  [1mcommit transaction[0m
  [1m[36mActiveRecord::SchemaMigration Load (0.1ms)[0m  [1mSELECT "schema_migrations".* FROM "schema_migrations"[0m
  [1m[35mActiveRecord::SchemaMigration Load (0.1ms)[0m  SELECT "schema_migrations".* FROM "schema_migrations"
  [1m[36mExperiment Load (0.5ms)[0m  [1mSELECT "experiments".* FROM "experiments" ORDER BY "experiments"."id" ASC LIMIT 1[0m
  [1m[35mFactor Load (0.3ms)[0m  SELECT "factors".* FROM "factors" ORDER BY "factors"."id" ASC LIMIT 1
  [1m[36mExperiment Load (0.2ms)[0m  [1mSELECT "experiments".* FROM "experiments" ORDER BY "experiments"."id" ASC LIMIT 1[0m
  [1m[35m (0.2ms)[0m  begin transaction
  [1m[36mSQL (3.8ms)[0m  [1mUPDATE "experiments" SET "title" = ?, "updated_at" = ?, "full_factorial_design" = ? WHERE "experiments"."id" = 1[0m  [["title", "title"], ["updated_at", Wed, 03 Sep 2014 19:15:10 UTC +00:00], ["full_factorial_design", nil]]
  [1m[35m (1.7ms)[0m  commit transaction
  [1m[36mExperiment Load (0.2ms)[0m  [1mSELECT "experiments".* FROM "experiments" WHERE "experiments"."title" = 'title' LIMIT 1[0m
  [1m[36m (8.6ms)[0m  [1mCREATE TABLE "experiments" ("id" INTEGER PRIMARY KEY AUTOINCREMENT NOT NULL, "created_at" datetime, "updated_at" datetime, "experiment_id" integer, "title" varchar(255), "full_factorial_design" text) [0m
  [1m[35m (2.1ms)[0m  CREATE TABLE "factors" ("id" INTEGER PRIMARY KEY AUTOINCREMENT NOT NULL, "experiment_id" integer, "created_at" datetime, "updated_at" datetime, "title" varchar(255), "levels" text) 
  [1m[36m (1.6ms)[0m  [1mCREATE INDEX "index_factors_on_experiment_id" ON "factors" ("experiment_id")[0m
  [1m[35m (1.6ms)[0m  CREATE TABLE "surveys" ("id" INTEGER PRIMARY KEY AUTOINCREMENT NOT NULL, "experiment_id" integer, "created_at" datetime, "updated_at" datetime) 
  [1m[36m (1.7ms)[0m  [1mCREATE INDEX "index_surveys_on_experiment_id" ON "surveys" ("experiment_id")[0m
  [1m[35m (1.3ms)[0m  CREATE TABLE "schema_migrations" ("version" varchar(255) NOT NULL) 
  [1m[36m (1.6ms)[0m  [1mCREATE UNIQUE INDEX "unique_schema_migrations" ON "schema_migrations" ("version")[0m
  [1m[35m (0.2ms)[0m  SELECT version FROM "schema_migrations"
  [1m[36m (1.6ms)[0m  [1mINSERT INTO "schema_migrations" (version) VALUES ('20140903190921')[0m
  [1m[35m (1.7ms)[0m  INSERT INTO "schema_migrations" (version) VALUES ('20140902180832')
  [1m[36m (1.5ms)[0m  [1mINSERT INTO "schema_migrations" (version) VALUES ('20140902181405')[0m
  [1m[35m (1.4ms)[0m  INSERT INTO "schema_migrations" (version) VALUES ('20140902195649')
  [1m[36m (1.3ms)[0m  [1mINSERT INTO "schema_migrations" (version) VALUES ('20140902203211')[0m
  [1m[35m (1.4ms)[0m  INSERT INTO "schema_migrations" (version) VALUES ('20140903000546')
  [1m[36m (1.7ms)[0m  [1mINSERT INTO "schema_migrations" (version) VALUES ('20140903185124')[0m
  [1m[35m (1.6ms)[0m  INSERT INTO "schema_migrations" (version) VALUES ('20140903190231')
  [1m[36mActiveRecord::SchemaMigration Load (0.1ms)[0m  [1mSELECT "schema_migrations".* FROM "schema_migrations"[0m
  [1m[36m (8.6ms)[0m  [1mCREATE TABLE "experiments" ("id" INTEGER PRIMARY KEY AUTOINCREMENT NOT NULL, "created_at" datetime, "updated_at" datetime, "experiment_id" integer, "title" varchar(255), "full_factorial_design" text) [0m
  [1m[35m (1.6ms)[0m  CREATE TABLE "factors" ("id" INTEGER PRIMARY KEY AUTOINCREMENT NOT NULL, "experiment_id" integer, "created_at" datetime, "updated_at" datetime, "title" varchar(255), "levels" text) 
  [1m[36m (1.4ms)[0m  [1mCREATE INDEX "index_factors_on_experiment_id" ON "factors" ("experiment_id")[0m
  [1m[35m (1.6ms)[0m  CREATE TABLE "surveys" ("id" INTEGER PRIMARY KEY AUTOINCREMENT NOT NULL, "experiment_id" integer, "created_at" datetime, "updated_at" datetime) 
  [1m[36m (1.6ms)[0m  [1mCREATE INDEX "index_surveys_on_experiment_id" ON "surveys" ("experiment_id")[0m
  [1m[35m (1.3ms)[0m  CREATE TABLE "schema_migrations" ("version" varchar(255) NOT NULL) 
  [1m[36m (1.4ms)[0m  [1mCREATE UNIQUE INDEX "unique_schema_migrations" ON "schema_migrations" ("version")[0m
  [1m[35m (0.1ms)[0m  SELECT version FROM "schema_migrations"
  [1m[36m (1.3ms)[0m  [1mINSERT INTO "schema_migrations" (version) VALUES ('20140903190921')[0m
  [1m[35m (1.5ms)[0m  INSERT INTO "schema_migrations" (version) VALUES ('20140902180832')
  [1m[36m (1.7ms)[0m  [1mINSERT INTO "schema_migrations" (version) VALUES ('20140902181405')[0m
  [1m[35m (1.7ms)[0m  INSERT INTO "schema_migrations" (version) VALUES ('20140902195649')
  [1m[36m (1.2ms)[0m  [1mINSERT INTO "schema_migrations" (version) VALUES ('20140902203211')[0m
  [1m[35m (1.5ms)[0m  INSERT INTO "schema_migrations" (version) VALUES ('20140903000546')
  [1m[36m (1.3ms)[0m  [1mINSERT INTO "schema_migrations" (version) VALUES ('20140903185124')[0m
  [1m[35m (1.4ms)[0m  INSERT INTO "schema_migrations" (version) VALUES ('20140903190231')
  [1m[36mActiveRecord::SchemaMigration Load (0.1ms)[0m  [1mSELECT "schema_migrations".* FROM "schema_migrations"[0m
  [1m[36m (0.1ms)[0m  [1mbegin transaction[0m
  [1m[35mSQL (4.0ms)[0m  INSERT INTO "experiments" ("created_at", "full_factorial_design", "title", "updated_at") VALUES (?, ?, ?, ?)  [["created_at", Wed, 03 Sep 2014 23:58:32 UTC +00:00], ["full_factorial_design", nil], ["title", "Nulla et est ex."], ["updated_at", Wed, 03 Sep 2014 23:58:32 UTC +00:00]]
  [1m[36m (1.9ms)[0m  [1mcommit transaction[0m
  [1m[36mActiveRecord::SchemaMigration Load (0.2ms)[0m  [1mSELECT "schema_migrations".* FROM "schema_migrations"[0m
Migrating to RemoveExperimentIdFromExperiments (20140903235944)
  [1m[35m (0.1ms)[0m  begin transaction
  [1m[36m (0.5ms)[0m  [1mCREATE TEMPORARY TABLE "aexperiments" ("id" INTEGER PRIMARY KEY AUTOINCREMENT NOT NULL, "created_at" datetime, "updated_at" datetime, "experiment_id" integer, "title" varchar(255), "full_factorial_design" text) [0m
  [1m[35m (0.1ms)[0m  SELECT * FROM "experiments"
  [1m[36m (0.1ms)[0m  [1mINSERT INTO "aexperiments" ("id","created_at","updated_at","experiment_id","title","full_factorial_design") VALUES (1, '2014-09-03 18:55:56.949418', '2014-09-03 19:15:10.029833', NULL, 'title', NULL)[0m
  [1m[35m (0.1ms)[0m  INSERT INTO "aexperiments" ("id","created_at","updated_at","experiment_id","title","full_factorial_design") VALUES (2, '2014-09-03 23:58:32.946495', '2014-09-03 23:58:32.946495', NULL, 'Nulla et est ex.', NULL)
  [1m[36m (0.8ms)[0m  [1mDROP TABLE "experiments"[0m
  [1m[35m (0.2ms)[0m  CREATE TABLE "experiments" ("id" INTEGER PRIMARY KEY AUTOINCREMENT NOT NULL, "created_at" datetime, "updated_at" datetime, "title" varchar(255), "full_factorial_design" text) 
  [1m[36m (0.1ms)[0m  [1mSELECT * FROM "aexperiments"[0m
  [1m[35m (0.1ms)[0m  INSERT INTO "experiments" ("id","created_at","updated_at","title","full_factorial_design") VALUES (1, '2014-09-03 18:55:56.949418', '2014-09-03 19:15:10.029833', 'title', NULL)
  [1m[36m (0.1ms)[0m  [1mINSERT INTO "experiments" ("id","created_at","updated_at","title","full_factorial_design") VALUES (2, '2014-09-03 23:58:32.946495', '2014-09-03 23:58:32.946495', 'Nulla et est ex.', NULL)[0m
  [1m[35m (0.3ms)[0m  DROP TABLE "aexperiments"
  [1m[36mSQL (0.3ms)[0m  [1mINSERT INTO "schema_migrations" ("version") VALUES (?)[0m  [["version", "20140903235944"]]
  [1m[35m (1.5ms)[0m  commit transaction
Migrating to AddExperimentIdToSurveys (20140904000015)
  [1m[36m (0.1ms)[0m  [1mbegin transaction[0m
  [1m[35m (1.5ms)[0m  ALTER TABLE "surveys" ADD "experiment_id" varchar(255)
SQLite3::SQLException: duplicate column name: experiment_id: ALTER TABLE "surveys" ADD "experiment_id" varchar(255)
  [1m[36m (0.1ms)[0m  [1mrollback transaction[0m
  [1m[35m (0.1ms)[0m  begin transaction
  [1m[36mSQL (0.6ms)[0m  [1mINSERT INTO "surveys" ("created_at", "experiment_id", "updated_at") VALUES (?, ?, ?)[0m  [["created_at", Thu, 04 Sep 2014 00:02:28 UTC +00:00], ["experiment_id", 1], ["updated_at", Thu, 04 Sep 2014 00:02:28 UTC +00:00]]
  [1m[35m (7.9ms)[0m  commit transaction
  [1m[36mSurvey Load (0.4ms)[0m  [1mSELECT "surveys".* FROM "surveys" ORDER BY "surveys"."id" ASC LIMIT 1[0m
  [1m[36mActiveRecord::SchemaMigration Load (0.3ms)[0m  [1mSELECT "schema_migrations".* FROM "schema_migrations"[0m
  [1m[35mActiveRecord::SchemaMigration Load (0.2ms)[0m  SELECT "schema_migrations".* FROM "schema_migrations"
  [1m[35m (0.1ms)[0m  begin transaction
  [1m[36mSQL (0.7ms)[0m  [1mINSERT INTO "experiments" ("created_at", "full_factorial_design", "title", "updated_at") VALUES (?, ?, ?, ?)[0m  [["created_at", Thu, 04 Sep 2014 00:03:56 UTC +00:00], ["full_factorial_design", nil], ["title", "Nulla et est ex."], ["updated_at", Thu, 04 Sep 2014 00:03:56 UTC +00:00]]
  [1m[35m (8.3ms)[0m  commit transaction
  [1m[36m (0.1ms)[0m  [1mbegin transaction[0m
  [1m[35mSQL (0.5ms)[0m  INSERT INTO "experiments" ("created_at", "full_factorial_design", "title", "updated_at") VALUES (?, ?, ?, ?)  [["created_at", Thu, 04 Sep 2014 00:04:10 UTC +00:00], ["full_factorial_design", nil], ["title", "Nulla et est ex."], ["updated_at", Thu, 04 Sep 2014 00:04:10 UTC +00:00]]
  [1m[36m (8.3ms)[0m  [1mcommit transaction[0m
DEPRECATION WARNING: Relation#all is deprecated. If you want to eager-load a relation, you can call #load (e.g. `Post.where(published: true).load`). If you want to get an array of records from a relation, you can call #to_a (e.g. `Post.where(published: true).to_a`). (called from irb_binding at (irb):4)
DEPRECATION WARNING: Relation#all is deprecated. If you want to eager-load a relation, you can call #load (e.g. `Post.where(published: true).load`). If you want to get an array of records from a relation, you can call #to_a (e.g. `Post.where(published: true).to_a`). (called from irb_binding at (irb):5)
DEPRECATION WARNING: Relation#all is deprecated. If you want to eager-load a relation, you can call #load (e.g. `Post.where(published: true).load`). If you want to get an array of records from a relation, you can call #to_a (e.g. `Post.where(published: true).to_a`). (called from irb_binding at (irb):3)
  [1m[36m (0.1ms)[0m  [1mbegin transaction[0m
  [1m[35mSQL (12.3ms)[0m  INSERT INTO "experiments" ("created_at", "full_factorial_design", "title", "updated_at") VALUES (?, ?, ?, ?)  [["created_at", Thu, 04 Sep 2014 00:19:34 UTC +00:00], ["full_factorial_design", nil], ["title", "Sed placeat dolorem fugit ut dignissimos rerum omnis magni."], ["updated_at", Thu, 04 Sep 2014 00:19:34 UTC +00:00]]
  [1m[36m (1.5ms)[0m  [1mcommit transaction[0m
  [1m[35m (0.2ms)[0m  begin transaction
  [1m[36mSQL (0.8ms)[0m  [1mINSERT INTO "experiments" ("created_at", "full_factorial_design", "title", "updated_at") VALUES (?, ?, ?, ?)[0m  [["created_at", Thu, 04 Sep 2014 00:19:34 UTC +00:00], ["full_factorial_design", nil], ["title", "Sed placeat dolorem fugit ut dignissimos rerum omnis magni."], ["updated_at", Thu, 04 Sep 2014 00:19:34 UTC +00:00]]
  [1m[35m (1.4ms)[0m  commit transaction
  [1m[36m (0.1ms)[0m  [1mbegin transaction[0m
  [1m[35mSQL (0.6ms)[0m  INSERT INTO "experiments" ("created_at", "full_factorial_design", "title", "updated_at") VALUES (?, ?, ?, ?)  [["created_at", Thu, 04 Sep 2014 00:19:34 UTC +00:00], ["full_factorial_design", nil], ["title", "Sed placeat dolorem fugit ut dignissimos rerum omnis magni."], ["updated_at", Thu, 04 Sep 2014 00:19:34 UTC +00:00]]
  [1m[36m (0.9ms)[0m  [1mcommit transaction[0m
  [1m[35mExperiment Load (0.4ms)[0m  SELECT "experiments".* FROM "experiments" ORDER BY "experiments"."id" ASC LIMIT 1
  [1m[36mExperiment Load (0.3ms)[0m  [1mSELECT "experiments".* FROM "experiments" ORDER BY "experiments"."id" DESC LIMIT 1[0m
  [1m[35mFactor Load (0.5ms)[0m  SELECT "factors".* FROM "factors" ORDER BY "factors"."id" ASC LIMIT 1
  [1m[36mFactor Load (0.4ms)[0m  [1mSELECT "factors".* FROM "factors" ORDER BY "factors"."id" DESC LIMIT 1[0m
  [1m[35mFactor Load (0.2ms)[0m  SELECT "factors".* FROM "factors"
  [1m[36mExperiment Load (0.3ms)[0m  [1mSELECT "experiments".* FROM "experiments" WHERE "experiments"."id" = ? ORDER BY "experiments"."id" ASC LIMIT 1[0m  [["id", 1]]
  [1m[35mFactor Load (0.2ms)[0m  SELECT "factors".* FROM "factors"
  [1m[36mExperiment Load (0.2ms)[0m  [1mSELECT "experiments".* FROM "experiments" WHERE "experiments"."id" = ? ORDER BY "experiments"."id" ASC LIMIT 1[0m  [["id", 1]]
  [1m[35mFactor Load (0.2ms)[0m  SELECT "factors".* FROM "factors"
  [1m[36m (0.1ms)[0m  [1mbegin transaction[0m
  [1m[35mSQL (1.1ms)[0m  INSERT INTO "experiments" ("created_at", "full_factorial_design", "title", "updated_at") VALUES (?, ?, ?, ?)  [["created_at", Thu, 04 Sep 2014 00:23:22 UTC +00:00], ["full_factorial_design", nil], ["title", "Sed placeat dolorem fugit ut dignissimos rerum omnis magni."], ["updated_at", Thu, 04 Sep 2014 00:23:22 UTC +00:00]]
  [1m[36m (8.0ms)[0m  [1mcommit transaction[0m
  [1m[35m (0.1ms)[0m  begin transaction
  [1m[36mSQL (0.5ms)[0m  [1mINSERT INTO "experiments" ("created_at", "full_factorial_design", "title", "updated_at") VALUES (?, ?, ?, ?)[0m  [["created_at", Thu, 04 Sep 2014 00:23:22 UTC +00:00], ["full_factorial_design", nil], ["title", "Sed placeat dolorem fugit ut dignissimos rerum omnis magni."], ["updated_at", Thu, 04 Sep 2014 00:23:22 UTC +00:00]]
  [1m[35m (1.4ms)[0m  commit transaction
  [1m[36m (0.1ms)[0m  [1mbegin transaction[0m
  [1m[35mSQL (0.7ms)[0m  INSERT INTO "experiments" ("created_at", "full_factorial_design", "title", "updated_at") VALUES (?, ?, ?, ?)  [["created_at", Thu, 04 Sep 2014 00:23:22 UTC +00:00], ["full_factorial_design", nil], ["title", "Sed placeat dolorem fugit ut dignissimos rerum omnis magni."], ["updated_at", Thu, 04 Sep 2014 00:23:22 UTC +00:00]]
  [1m[36m (1.1ms)[0m  [1mcommit transaction[0m
  [1m[35m (0.1ms)[0m  begin transaction
  [1m[36mSQL (0.5ms)[0m  [1mINSERT INTO "experiments" ("created_at", "full_factorial_design", "title", "updated_at") VALUES (?, ?, ?, ?)[0m  [["created_at", Thu, 04 Sep 2014 00:23:22 UTC +00:00], ["full_factorial_design", nil], ["title", "Sed placeat dolorem fugit ut dignissimos rerum omnis magni."], ["updated_at", Thu, 04 Sep 2014 00:23:22 UTC +00:00]]
  [1m[35mExperiment Load (0.2ms)[0m  SELECT "experiments".* FROM "experiments" WHERE "experiments"."id" = ? ORDER BY "experiments"."id" ASC LIMIT 1  [["id", 11]]
  [1m[36mSQL (0.4ms)[0m  [1mINSERT INTO "factors" ("created_at", "experiment_id", "levels", "title", "updated_at") VALUES (?, ?, ?, ?, ?)[0m  [["created_at", Thu, 04 Sep 2014 00:23:22 UTC +00:00], ["experiment_id", 11], ["levels", "---\n- velit\n- voluptatem\n- deserunt\n- mollitia\n"], ["title", "Neque"], ["updated_at", Thu, 04 Sep 2014 00:23:22 UTC +00:00]]
  [1m[35mExperiment Load (0.1ms)[0m  SELECT "experiments".* FROM "experiments" WHERE "experiments"."id" = ? ORDER BY "experiments"."id" ASC LIMIT 1  [["id", 11]]
  [1m[36mSQL (0.2ms)[0m  [1mINSERT INTO "factors" ("created_at", "experiment_id", "levels", "title", "updated_at") VALUES (?, ?, ?, ?, ?)[0m  [["created_at", Thu, 04 Sep 2014 00:23:22 UTC +00:00], ["experiment_id", 11], ["levels", "---\n- velit\n- voluptatem\n- deserunt\n- mollitia\n"], ["title", "Neque"], ["updated_at", Thu, 04 Sep 2014 00:23:22 UTC +00:00]]
  [1m[35mExperiment Load (0.1ms)[0m  SELECT "experiments".* FROM "experiments" WHERE "experiments"."id" = ? ORDER BY "experiments"."id" ASC LIMIT 1  [["id", 11]]
  [1m[36mSQL (0.1ms)[0m  [1mINSERT INTO "factors" ("created_at", "experiment_id", "levels", "title", "updated_at") VALUES (?, ?, ?, ?, ?)[0m  [["created_at", Thu, 04 Sep 2014 00:23:22 UTC +00:00], ["experiment_id", 11], ["levels", "---\n- velit\n- voluptatem\n- deserunt\n- mollitia\n"], ["title", "Neque"], ["updated_at", Thu, 04 Sep 2014 00:23:22 UTC +00:00]]
  [1m[35m (0.9ms)[0m  commit transaction
  [1m[36mFactor Load (0.4ms)[0m  [1mSELECT "factors".* FROM "factors"[0m
  [1m[35mFactor Load (0.2ms)[0m  SELECT "factors".* FROM "factors"
  [1m[36mExperiment Load (0.2ms)[0m  [1mSELECT "experiments".* FROM "experiments" WHERE "experiments"."id" = ? ORDER BY "experiments"."id" ASC LIMIT 1[0m  [["id", 1]]
  [1m[35mExperiment Load (0.2ms)[0m  SELECT "experiments".* FROM "experiments" WHERE "experiments"."id" = ? ORDER BY "experiments"."id" ASC LIMIT 1  [["id", 11]]
  [1m[36mExperiment Load (0.1ms)[0m  [1mSELECT "experiments".* FROM "experiments" WHERE "experiments"."id" = ? ORDER BY "experiments"."id" ASC LIMIT 1[0m  [["id", 11]]
  [1m[35mExperiment Load (0.1ms)[0m  SELECT "experiments".* FROM "experiments" WHERE "experiments"."id" = ? ORDER BY "experiments"."id" ASC LIMIT 1  [["id", 11]]
  [1m[36mActiveRecord::SchemaMigration Load (0.6ms)[0m  [1mSELECT "schema_migrations".* FROM "schema_migrations"[0m
  [1m[35mActiveRecord::SchemaMigration Load (0.2ms)[0m  SELECT "schema_migrations".* FROM "schema_migrations"
  [1m[36m (2.7ms)[0m  [1mCREATE TABLE "experiments" ("id" INTEGER PRIMARY KEY AUTOINCREMENT NOT NULL, "created_at" datetime, "updated_at" datetime, "title" varchar(255), "full_factorial_design" text) [0m
  [1m[35m (1.8ms)[0m  CREATE TABLE "factors" ("id" INTEGER PRIMARY KEY AUTOINCREMENT NOT NULL, "experiment_id" integer, "created_at" datetime, "updated_at" datetime, "title" varchar(255), "levels" text) 
  [1m[36m (1.2ms)[0m  [1mCREATE INDEX "index_factors_on_experiment_id" ON "factors" ("experiment_id")[0m
  [1m[35m (1.3ms)[0m  CREATE TABLE "surveys" ("id" INTEGER PRIMARY KEY AUTOINCREMENT NOT NULL, "experiment_id" integer, "created_at" datetime, "updated_at" datetime) 
  [1m[36m (1.4ms)[0m  [1mCREATE INDEX "index_surveys_on_experiment_id" ON "surveys" ("experiment_id")[0m
  [1m[35m (1.0ms)[0m  CREATE TABLE "schema_migrations" ("version" varchar(255) NOT NULL) 
  [1m[36m (0.9ms)[0m  [1mCREATE UNIQUE INDEX "unique_schema_migrations" ON "schema_migrations" ("version")[0m
  [1m[35m (0.1ms)[0m  SELECT version FROM "schema_migrations"
  [1m[36m (0.9ms)[0m  [1mINSERT INTO "schema_migrations" (version) VALUES ('20140903235944')[0m
  [1m[35m (1.0ms)[0m  INSERT INTO "schema_migrations" (version) VALUES ('20140902180832')
  [1m[36m (1.0ms)[0m  [1mINSERT INTO "schema_migrations" (version) VALUES ('20140902181405')[0m
  [1m[35m (0.9ms)[0m  INSERT INTO "schema_migrations" (version) VALUES ('20140902185223')
  [1m[36m (1.5ms)[0m  [1mINSERT INTO "schema_migrations" (version) VALUES ('20140902195649')[0m
  [1m[35m (2.3ms)[0m  INSERT INTO "schema_migrations" (version) VALUES ('20140903000546')
  [1m[36m (2.5ms)[0m  [1mINSERT INTO "schema_migrations" (version) VALUES ('20140903185124')[0m
  [1m[35m (1.6ms)[0m  INSERT INTO "schema_migrations" (version) VALUES ('20140903190231')
  [1m[36m (1.2ms)[0m  [1mINSERT INTO "schema_migrations" (version) VALUES ('20140903190921')[0m
  [1m[35mActiveRecord::SchemaMigration Load (0.1ms)[0m  SELECT "schema_migrations".* FROM "schema_migrations"
  [1m[36m (8.7ms)[0m  [1mCREATE TABLE "experiments" ("id" INTEGER PRIMARY KEY AUTOINCREMENT NOT NULL, "created_at" datetime, "updated_at" datetime, "title" varchar(255), "full_factorial_design" text) [0m
  [1m[35m (1.2ms)[0m  CREATE TABLE "factors" ("id" INTEGER PRIMARY KEY AUTOINCREMENT NOT NULL, "experiment_id" integer, "created_at" datetime, "updated_at" datetime, "title" varchar(255), "levels" text) 
  [1m[36m (1.1ms)[0m  [1mCREATE INDEX "index_factors_on_experiment_id" ON "factors" ("experiment_id")[0m
  [1m[35m (1.2ms)[0m  CREATE TABLE "surveys" ("id" INTEGER PRIMARY KEY AUTOINCREMENT NOT NULL, "experiment_id" integer, "created_at" datetime, "updated_at" datetime) 
  [1m[36m (1.2ms)[0m  [1mCREATE INDEX "index_surveys_on_experiment_id" ON "surveys" ("experiment_id")[0m
  [1m[35m (1.4ms)[0m  CREATE TABLE "schema_migrations" ("version" varchar(255) NOT NULL) 
  [1m[36m (1.2ms)[0m  [1mCREATE UNIQUE INDEX "unique_schema_migrations" ON "schema_migrations" ("version")[0m
  [1m[35m (0.1ms)[0m  SELECT version FROM "schema_migrations"
  [1m[36m (1.1ms)[0m  [1mINSERT INTO "schema_migrations" (version) VALUES ('20140903235944')[0m
  [1m[35m (1.1ms)[0m  INSERT INTO "schema_migrations" (version) VALUES ('20140902180832')
  [1m[36m (1.1ms)[0m  [1mINSERT INTO "schema_migrations" (version) VALUES ('20140902181405')[0m
  [1m[35m (0.8ms)[0m  INSERT INTO "schema_migrations" (version) VALUES ('20140902185223')
  [1m[36m (0.8ms)[0m  [1mINSERT INTO "schema_migrations" (version) VALUES ('20140902195649')[0m
  [1m[35m (1.2ms)[0m  INSERT INTO "schema_migrations" (version) VALUES ('20140903000546')
  [1m[36m (1.1ms)[0m  [1mINSERT INTO "schema_migrations" (version) VALUES ('20140903185124')[0m
  [1m[35m (1.8ms)[0m  INSERT INTO "schema_migrations" (version) VALUES ('20140903190231')
  [1m[36m (1.1ms)[0m  [1mINSERT INTO "schema_migrations" (version) VALUES ('20140903190921')[0m
  [1m[35mActiveRecord::SchemaMigration Load (0.2ms)[0m  SELECT "schema_migrations".* FROM "schema_migrations"
  [1m[36mActiveRecord::SchemaMigration Load (0.2ms)[0m  [1mSELECT "schema_migrations".* FROM "schema_migrations"[0m
Migrating to CreateExperimentDesigners (20140904180045)
  [1m[35m (0.1ms)[0m  begin transaction
  [1m[36m (0.4ms)[0m  [1mCREATE TABLE "experiment_designers" ("id" INTEGER PRIMARY KEY AUTOINCREMENT NOT NULL, "created_at" datetime, "updated_at" datetime) [0m
  [1m[35mSQL (0.3ms)[0m  INSERT INTO "schema_migrations" ("version") VALUES (?)  [["version", "20140904180045"]]
  [1m[36m (1.7ms)[0m  [1mcommit transaction[0m
  [1m[35mActiveRecord::SchemaMigration Load (0.1ms)[0m  SELECT "schema_migrations".* FROM "schema_migrations"
  [1m[36m (8.7ms)[0m  [1mCREATE TABLE "experiment_designers" ("id" INTEGER PRIMARY KEY AUTOINCREMENT NOT NULL, "created_at" datetime, "updated_at" datetime) [0m
  [1m[35m (1.2ms)[0m  CREATE TABLE "experiments" ("id" INTEGER PRIMARY KEY AUTOINCREMENT NOT NULL, "created_at" datetime, "updated_at" datetime, "title" varchar(255), "full_factorial_design" text) 
  [1m[36m (1.0ms)[0m  [1mCREATE TABLE "factors" ("id" INTEGER PRIMARY KEY AUTOINCREMENT NOT NULL, "experiment_id" integer, "created_at" datetime, "updated_at" datetime, "title" varchar(255), "levels" text) [0m
  [1m[35m (1.1ms)[0m  CREATE INDEX "index_factors_on_experiment_id" ON "factors" ("experiment_id")
  [1m[36m (1.0ms)[0m  [1mCREATE TABLE "surveys" ("id" INTEGER PRIMARY KEY AUTOINCREMENT NOT NULL, "experiment_id" integer, "created_at" datetime, "updated_at" datetime) [0m
  [1m[35m (1.0ms)[0m  CREATE INDEX "index_surveys_on_experiment_id" ON "surveys" ("experiment_id")
  [1m[36m (1.0ms)[0m  [1mCREATE TABLE "schema_migrations" ("version" varchar(255) NOT NULL) [0m
  [1m[35m (0.9ms)[0m  CREATE UNIQUE INDEX "unique_schema_migrations" ON "schema_migrations" ("version")
  [1m[36m (0.1ms)[0m  [1mSELECT version FROM "schema_migrations"[0m
  [1m[35m (1.0ms)[0m  INSERT INTO "schema_migrations" (version) VALUES ('20140904180045')
  [1m[36m (0.8ms)[0m  [1mINSERT INTO "schema_migrations" (version) VALUES ('20140902180832')[0m
  [1m[35m (0.8ms)[0m  INSERT INTO "schema_migrations" (version) VALUES ('20140902181405')
  [1m[36m (0.7ms)[0m  [1mINSERT INTO "schema_migrations" (version) VALUES ('20140902185223')[0m
  [1m[35m (0.9ms)[0m  INSERT INTO "schema_migrations" (version) VALUES ('20140902195649')
  [1m[36m (2.1ms)[0m  [1mINSERT INTO "schema_migrations" (version) VALUES ('20140903000546')[0m
  [1m[35m (1.6ms)[0m  INSERT INTO "schema_migrations" (version) VALUES ('20140903185124')
  [1m[36m (1.7ms)[0m  [1mINSERT INTO "schema_migrations" (version) VALUES ('20140903190231')[0m
  [1m[35m (1.1ms)[0m  INSERT INTO "schema_migrations" (version) VALUES ('20140903190921')
  [1m[36m (1.2ms)[0m  [1mINSERT INTO "schema_migrations" (version) VALUES ('20140903235944')[0m
  [1m[35mActiveRecord::SchemaMigration Load (0.2ms)[0m  SELECT "schema_migrations".* FROM "schema_migrations"
  [1m[36m (0.1ms)[0m  [1mbegin transaction[0m
  [1m[35mSQL (2.6ms)[0m  INSERT INTO "experiments" ("created_at", "full_factorial_design", "title", "updated_at") VALUES (?, ?, ?, ?)  [["created_at", Thu, 04 Sep 2014 18:09:42 UTC +00:00], ["full_factorial_design", nil], ["title", "Et qui aut enim quod dolor."], ["updated_at", Thu, 04 Sep 2014 18:09:42 UTC +00:00]]
  [1m[36m (8.1ms)[0m  [1mcommit transaction[0m
  [1m[35m (0.1ms)[0m  begin transaction
  [1m[36mSQL (0.5ms)[0m  [1mINSERT INTO "experiments" ("created_at", "full_factorial_design", "title", "updated_at") VALUES (?, ?, ?, ?)[0m  [["created_at", Thu, 04 Sep 2014 18:09:42 UTC +00:00], ["full_factorial_design", nil], ["title", "Et qui aut enim quod dolor."], ["updated_at", Thu, 04 Sep 2014 18:09:42 UTC +00:00]]
  [1m[35m (1.2ms)[0m  commit transaction
  [1m[36m (0.1ms)[0m  [1mbegin transaction[0m
  [1m[35mSQL (0.4ms)[0m  INSERT INTO "experiments" ("created_at", "full_factorial_design", "title", "updated_at") VALUES (?, ?, ?, ?)  [["created_at", Thu, 04 Sep 2014 18:09:42 UTC +00:00], ["full_factorial_design", nil], ["title", "Et qui aut enim quod dolor."], ["updated_at", Thu, 04 Sep 2014 18:09:42 UTC +00:00]]
  [1m[36m (1.3ms)[0m  [1mcommit transaction[0m
  [1m[36mActiveRecord::SchemaMigration Load (0.4ms)[0m  [1mSELECT "schema_migrations".* FROM "schema_migrations"[0m
Migrating to CreateFactorialTrees (20140904183935)
  [1m[35m (0.2ms)[0m  begin transaction
  [1m[36m (0.7ms)[0m  [1mCREATE TABLE "factorial_trees" ("id" INTEGER PRIMARY KEY AUTOINCREMENT NOT NULL, "created_at" datetime, "updated_at" datetime) [0m
  [1m[35mSQL (0.3ms)[0m  INSERT INTO "schema_migrations" ("version") VALUES (?)  [["version", "20140904183935"]]
  [1m[36m (8.1ms)[0m  [1mcommit transaction[0m
  [1m[35mActiveRecord::SchemaMigration Load (0.1ms)[0m  SELECT "schema_migrations".* FROM "schema_migrations"
  [1m[36m (10.7ms)[0m  [1mCREATE TABLE "experiment_designers" ("id" INTEGER PRIMARY KEY AUTOINCREMENT NOT NULL, "created_at" datetime, "updated_at" datetime) [0m
  [1m[35m (7.8ms)[0m  CREATE TABLE "experiments" ("id" INTEGER PRIMARY KEY AUTOINCREMENT NOT NULL, "created_at" datetime, "updated_at" datetime, "title" varchar(255), "full_factorial_design" text) 
  [1m[36m (1.8ms)[0m  [1mCREATE TABLE "factorial_trees" ("id" INTEGER PRIMARY KEY AUTOINCREMENT NOT NULL, "created_at" datetime, "updated_at" datetime) [0m
  [1m[35m (1.7ms)[0m  CREATE TABLE "factors" ("id" INTEGER PRIMARY KEY AUTOINCREMENT NOT NULL, "experiment_id" integer, "created_at" datetime, "updated_at" datetime, "title" varchar(255), "levels" text) 
  [1m[36m (1.8ms)[0m  [1mCREATE INDEX "index_factors_on_experiment_id" ON "factors" ("experiment_id")[0m
  [1m[35m (1.6ms)[0m  CREATE TABLE "surveys" ("id" INTEGER PRIMARY KEY AUTOINCREMENT NOT NULL, "experiment_id" integer, "created_at" datetime, "updated_at" datetime) 
  [1m[36m (1.7ms)[0m  [1mCREATE INDEX "index_surveys_on_experiment_id" ON "surveys" ("experiment_id")[0m
  [1m[35m (1.2ms)[0m  CREATE TABLE "schema_migrations" ("version" varchar(255) NOT NULL) 
  [1m[36m (1.0ms)[0m  [1mCREATE UNIQUE INDEX "unique_schema_migrations" ON "schema_migrations" ("version")[0m
  [1m[35m (0.1ms)[0m  SELECT version FROM "schema_migrations"
  [1m[36m (0.9ms)[0m  [1mINSERT INTO "schema_migrations" (version) VALUES ('20140904183935')[0m
  [1m[35m (0.9ms)[0m  INSERT INTO "schema_migrations" (version) VALUES ('20140902180832')
  [1m[36m (1.0ms)[0m  [1mINSERT INTO "schema_migrations" (version) VALUES ('20140902181405')[0m
  [1m[35m (1.3ms)[0m  INSERT INTO "schema_migrations" (version) VALUES ('20140902185223')
  [1m[36m (1.5ms)[0m  [1mINSERT INTO "schema_migrations" (version) VALUES ('20140902195649')[0m
  [1m[35m (1.5ms)[0m  INSERT INTO "schema_migrations" (version) VALUES ('20140903000546')
  [1m[36m (1.3ms)[0m  [1mINSERT INTO "schema_migrations" (version) VALUES ('20140903185124')[0m
  [1m[35m (1.6ms)[0m  INSERT INTO "schema_migrations" (version) VALUES ('20140903190231')
  [1m[36m (1.6ms)[0m  [1mINSERT INTO "schema_migrations" (version) VALUES ('20140903190921')[0m
  [1m[35m (1.5ms)[0m  INSERT INTO "schema_migrations" (version) VALUES ('20140903235944')
  [1m[36m (1.2ms)[0m  [1mINSERT INTO "schema_migrations" (version) VALUES ('20140904180045')[0m
  [1m[35mActiveRecord::SchemaMigration Load (0.3ms)[0m  SELECT "schema_migrations".* FROM "schema_migrations"
  [1m[36m (8.6ms)[0m  [1mCREATE TABLE "experiment_designers" ("id" INTEGER PRIMARY KEY AUTOINCREMENT NOT NULL, "created_at" datetime, "updated_at" datetime) [0m
  [1m[35m (1.6ms)[0m  CREATE TABLE "experiments" ("id" INTEGER PRIMARY KEY AUTOINCREMENT NOT NULL, "created_at" datetime, "updated_at" datetime, "title" varchar(255), "full_factorial_design" text) 
  [1m[36m (1.5ms)[0m  [1mCREATE TABLE "factorial_trees" ("id" INTEGER PRIMARY KEY AUTOINCREMENT NOT NULL, "created_at" datetime, "updated_at" datetime) [0m
  [1m[35m (1.7ms)[0m  CREATE TABLE "factors" ("id" INTEGER PRIMARY KEY AUTOINCREMENT NOT NULL, "experiment_id" integer, "created_at" datetime, "updated_at" datetime, "title" varchar(255), "levels" text) 
  [1m[36m (1.5ms)[0m  [1mCREATE INDEX "index_factors_on_experiment_id" ON "factors" ("experiment_id")[0m
  [1m[35m (1.7ms)[0m  CREATE TABLE "surveys" ("id" INTEGER PRIMARY KEY AUTOINCREMENT NOT NULL, "experiment_id" integer, "created_at" datetime, "updated_at" datetime) 
  [1m[36m (1.6ms)[0m  [1mCREATE INDEX "index_surveys_on_experiment_id" ON "surveys" ("experiment_id")[0m
  [1m[35m (1.5ms)[0m  CREATE TABLE "schema_migrations" ("version" varchar(255) NOT NULL) 
  [1m[36m (1.6ms)[0m  [1mCREATE UNIQUE INDEX "unique_schema_migrations" ON "schema_migrations" ("version")[0m
  [1m[35m (0.2ms)[0m  SELECT version FROM "schema_migrations"
  [1m[36m (1.6ms)[0m  [1mINSERT INTO "schema_migrations" (version) VALUES ('20140904183935')[0m
  [1m[35m (1.1ms)[0m  INSERT INTO "schema_migrations" (version) VALUES ('20140902180832')
  [1m[36m (1.2ms)[0m  [1mINSERT INTO "schema_migrations" (version) VALUES ('20140902181405')[0m
  [1m[35m (1.4ms)[0m  INSERT INTO "schema_migrations" (version) VALUES ('20140902185223')
  [1m[36m (1.7ms)[0m  [1mINSERT INTO "schema_migrations" (version) VALUES ('20140902195649')[0m
  [1m[35m (1.6ms)[0m  INSERT INTO "schema_migrations" (version) VALUES ('20140903000546')
  [1m[36m (1.7ms)[0m  [1mINSERT INTO "schema_migrations" (version) VALUES ('20140903185124')[0m
  [1m[35m (1.5ms)[0m  INSERT INTO "schema_migrations" (version) VALUES ('20140903190231')
  [1m[36m (1.6ms)[0m  [1mINSERT INTO "schema_migrations" (version) VALUES ('20140903190921')[0m
  [1m[35m (1.5ms)[0m  INSERT INTO "schema_migrations" (version) VALUES ('20140903235944')
  [1m[36m (1.6ms)[0m  [1mINSERT INTO "schema_migrations" (version) VALUES ('20140904180045')[0m
  [1m[35mActiveRecord::SchemaMigration Load (0.1ms)[0m  SELECT "schema_migrations".* FROM "schema_migrations"
  [1m[36m (1.8ms)[0m  [1mCREATE TABLE "experiment_designers" ("id" INTEGER PRIMARY KEY AUTOINCREMENT NOT NULL, "created_at" datetime, "updated_at" datetime) [0m
  [1m[35m (1.7ms)[0m  CREATE TABLE "experiments" ("id" INTEGER PRIMARY KEY AUTOINCREMENT NOT NULL, "created_at" datetime, "updated_at" datetime, "title" varchar(255), "full_factorial_design" text) 
  [1m[36m (1.9ms)[0m  [1mCREATE TABLE "factorial_trees" ("id" INTEGER PRIMARY KEY AUTOINCREMENT NOT NULL, "created_at" datetime, "updated_at" datetime) [0m
  [1m[35m (1.5ms)[0m  CREATE TABLE "factors" ("id" INTEGER PRIMARY KEY AUTOINCREMENT NOT NULL, "experiment_id" integer, "created_at" datetime, "updated_at" datetime, "title" varchar(255), "levels" text) 
  [1m[36m (1.3ms)[0m  [1mCREATE INDEX "index_factors_on_experiment_id" ON "factors" ("experiment_id")[0m
  [1m[35m (1.5ms)[0m  CREATE TABLE "surveys" ("id" INTEGER PRIMARY KEY AUTOINCREMENT NOT NULL, "experiment_id" integer, "created_at" datetime, "updated_at" datetime) 
  [1m[36m (1.7ms)[0m  [1mCREATE INDEX "index_surveys_on_experiment_id" ON "surveys" ("experiment_id")[0m
  [1m[35m (1.8ms)[0m  CREATE TABLE "schema_migrations" ("version" varchar(255) NOT NULL) 
  [1m[36m (1.3ms)[0m  [1mCREATE UNIQUE INDEX "unique_schema_migrations" ON "schema_migrations" ("version")[0m
  [1m[35m (0.1ms)[0m  SELECT version FROM "schema_migrations"
  [1m[36m (1.3ms)[0m  [1mINSERT INTO "schema_migrations" (version) VALUES ('20140904183935')[0m
  [1m[35m (1.5ms)[0m  INSERT INTO "schema_migrations" (version) VALUES ('20140902180832')
  [1m[36m (1.5ms)[0m  [1mINSERT INTO "schema_migrations" (version) VALUES ('20140902181405')[0m
  [1m[35m (1.5ms)[0m  INSERT INTO "schema_migrations" (version) VALUES ('20140902185223')
  [1m[36m (1.5ms)[0m  [1mINSERT INTO "schema_migrations" (version) VALUES ('20140902195649')[0m
  [1m[35m (1.4ms)[0m  INSERT INTO "schema_migrations" (version) VALUES ('20140903000546')
  [1m[36m (1.6ms)[0m  [1mINSERT INTO "schema_migrations" (version) VALUES ('20140903185124')[0m
  [1m[35m (1.4ms)[0m  INSERT INTO "schema_migrations" (version) VALUES ('20140903190231')
  [1m[36m (1.5ms)[0m  [1mINSERT INTO "schema_migrations" (version) VALUES ('20140903190921')[0m
  [1m[35m (1.6ms)[0m  INSERT INTO "schema_migrations" (version) VALUES ('20140903235944')
  [1m[36m (1.8ms)[0m  [1mINSERT INTO "schema_migrations" (version) VALUES ('20140904180045')[0m
  [1m[35mActiveRecord::SchemaMigration Load (0.2ms)[0m  SELECT "schema_migrations".* FROM "schema_migrations"
  [1m[36mActiveRecord::SchemaMigration Load (0.2ms)[0m  [1mSELECT "schema_migrations".* FROM "schema_migrations"[0m
Migrating to CreateNodes (20140904195922)
  [1m[35m (0.2ms)[0m  begin transaction
  [1m[36m (0.6ms)[0m  [1mCREATE TABLE "nodes" ("id" INTEGER PRIMARY KEY AUTOINCREMENT NOT NULL, "factorial_tree_id" integer, "created_at" datetime, "updated_at" datetime) [0m
  [1m[35m (0.1ms)[0m  CREATE INDEX "index_nodes_on_factorial_tree_id" ON "nodes" ("factorial_tree_id")
  [1m[36mSQL (0.2ms)[0m  [1mINSERT INTO "schema_migrations" ("version") VALUES (?)[0m  [["version", "20140904195922"]]
  [1m[35m (2.0ms)[0m  commit transaction
  [1m[36mActiveRecord::SchemaMigration Load (0.1ms)[0m  [1mSELECT "schema_migrations".* FROM "schema_migrations"[0m
  [1m[36m (1.4ms)[0m  [1mCREATE TABLE "experiment_designers" ("id" INTEGER PRIMARY KEY AUTOINCREMENT NOT NULL, "created_at" datetime, "updated_at" datetime) [0m
  [1m[35m (1.1ms)[0m  CREATE TABLE "experiments" ("id" INTEGER PRIMARY KEY AUTOINCREMENT NOT NULL, "created_at" datetime, "updated_at" datetime, "title" varchar(255), "full_factorial_design" text) 
  [1m[36m (1.1ms)[0m  [1mCREATE TABLE "factorial_trees" ("id" INTEGER PRIMARY KEY AUTOINCREMENT NOT NULL, "created_at" datetime, "updated_at" datetime) [0m
  [1m[35m (1.7ms)[0m  CREATE TABLE "factors" ("id" INTEGER PRIMARY KEY AUTOINCREMENT NOT NULL, "experiment_id" integer, "created_at" datetime, "updated_at" datetime, "title" varchar(255), "levels" text) 
  [1m[36m (1.3ms)[0m  [1mCREATE INDEX "index_factors_on_experiment_id" ON "factors" ("experiment_id")[0m
  [1m[35m (1.3ms)[0m  CREATE TABLE "nodes" ("id" INTEGER PRIMARY KEY AUTOINCREMENT NOT NULL, "factorial_tree_id" integer, "created_at" datetime, "updated_at" datetime) 
  [1m[36m (1.1ms)[0m  [1mCREATE INDEX "index_nodes_on_factorial_tree_id" ON "nodes" ("factorial_tree_id")[0m
  [1m[35m (1.2ms)[0m  CREATE TABLE "surveys" ("id" INTEGER PRIMARY KEY AUTOINCREMENT NOT NULL, "experiment_id" integer, "created_at" datetime, "updated_at" datetime) 
  [1m[36m (1.2ms)[0m  [1mCREATE INDEX "index_surveys_on_experiment_id" ON "surveys" ("experiment_id")[0m
  [1m[35m (1.3ms)[0m  CREATE TABLE "schema_migrations" ("version" varchar(255) NOT NULL) 
  [1m[36m (1.5ms)[0m  [1mCREATE UNIQUE INDEX "unique_schema_migrations" ON "schema_migrations" ("version")[0m
  [1m[35m (0.2ms)[0m  SELECT version FROM "schema_migrations"
  [1m[36m (1.1ms)[0m  [1mINSERT INTO "schema_migrations" (version) VALUES ('20140904195922')[0m
  [1m[35m (1.2ms)[0m  INSERT INTO "schema_migrations" (version) VALUES ('20140902180832')
  [1m[36m (1.2ms)[0m  [1mINSERT INTO "schema_migrations" (version) VALUES ('20140902181405')[0m
  [1m[35m (1.2ms)[0m  INSERT INTO "schema_migrations" (version) VALUES ('20140902185223')
  [1m[36m (1.2ms)[0m  [1mINSERT INTO "schema_migrations" (version) VALUES ('20140902195649')[0m
  [1m[35m (1.8ms)[0m  INSERT INTO "schema_migrations" (version) VALUES ('20140903000546')
  [1m[36m (1.4ms)[0m  [1mINSERT INTO "schema_migrations" (version) VALUES ('20140903185124')[0m
  [1m[35m (1.2ms)[0m  INSERT INTO "schema_migrations" (version) VALUES ('20140903190231')
  [1m[36m (1.1ms)[0m  [1mINSERT INTO "schema_migrations" (version) VALUES ('20140903190921')[0m
  [1m[35m (1.1ms)[0m  INSERT INTO "schema_migrations" (version) VALUES ('20140903235944')
  [1m[36m (1.0ms)[0m  [1mINSERT INTO "schema_migrations" (version) VALUES ('20140904180045')[0m
  [1m[35m (1.2ms)[0m  INSERT INTO "schema_migrations" (version) VALUES ('20140904183935')
  [1m[36mActiveRecord::SchemaMigration Load (0.3ms)[0m  [1mSELECT "schema_migrations".* FROM "schema_migrations"[0m
